[debug] [2023-12-24T14:49:57.521Z] ----------------------------------------------------------------------
[debug] [2023-12-24T14:49:57.523Z] Command:       /usr/local/bin/firebase /Users/duynt/.cache/firebase/tools/lib/node_modules/firebase-tools/lib/bin/firebase init
[debug] [2023-12-24T14:49:57.523Z] CLI Version:   13.0.2
[debug] [2023-12-24T14:49:57.523Z] Platform:      darwin
[debug] [2023-12-24T14:49:57.523Z] Node Version:  v18.5.0
[debug] [2023-12-24T14:49:57.528Z] Time:          Sun Dec 24 2023 21:49:57 GMT+0700 (Indochina Time)
[debug] [2023-12-24T14:49:57.528Z] ----------------------------------------------------------------------
[debug] 
[debug] [2023-12-24T14:49:57.534Z] > command requires scopes: ["email","openid","https://www.googleapis.com/auth/cloudplatformprojects.readonly","https://www.googleapis.com/auth/firebase","https://www.googleapis.com/auth/cloud-platform"]
[debug] [2023-12-24T14:49:57.536Z] > authorizing via signed-in user (thanhduy1812@gmail.com)
[info] 
     ######## #### ########  ######## ########     ###     ######  ########
     ##        ##  ##     ## ##       ##     ##  ##   ##  ##       ##
     ######    ##  ########  ######   ########  #########  ######  ######
     ##        ##  ##    ##  ##       ##     ## ##     ##       ## ##
     ##       #### ##     ## ######## ########  ##     ##  ######  ########

You're about to initialize a Firebase project in this directory:

  /Users/duynt/Gotadi/ChenmeiWeb

[debug] [2023-12-24T14:51:35.482Z] Error: Timed out.
    at Timeout._onTimeout (/Users/duynt/.cache/firebase/tools/lib/node_modules/firebase-tools/lib/utils.js:258:49)
    at listOnTimeout (node:internal/timers:564:17)
    at process.processTimers (node:internal/timers:507:7)
[error] 
[error] Error: An unexpected error has occurred.
[debug] [2023-12-24T14:51:46.831Z] ----------------------------------------------------------------------
[debug] [2023-12-24T14:51:46.832Z] Command:       /usr/local/bin/firebase /Users/duynt/.cache/firebase/tools/lib/node_modules/firebase-tools/lib/bin/firebase init
[debug] [2023-12-24T14:51:46.832Z] CLI Version:   13.0.2
[debug] [2023-12-24T14:51:46.832Z] Platform:      darwin
[debug] [2023-12-24T14:51:46.833Z] Node Version:  v18.5.0
[debug] [2023-12-24T14:51:46.834Z] Time:          Sun Dec 24 2023 21:51:46 GMT+0700 (Indochina Time)
[debug] [2023-12-24T14:51:46.834Z] ----------------------------------------------------------------------
[debug] 
[debug] [2023-12-24T14:51:46.840Z] > command requires scopes: ["email","openid","https://www.googleapis.com/auth/cloudplatformprojects.readonly","https://www.googleapis.com/auth/firebase","https://www.googleapis.com/auth/cloud-platform"]
[debug] [2023-12-24T14:51:46.842Z] > authorizing via signed-in user (thanhduy1812@gmail.com)
[info] 
     ######## #### ########  ######## ########     ###     ######  ########
     ##        ##  ##     ## ##       ##     ##  ##   ##  ##       ##
     ######    ##  ########  ######   ########  #########  ######  ######
     ##        ##  ##    ##  ##       ##     ## ##     ##       ## ##
     ##       #### ##     ## ######## ########  ##     ##  ######  ########

You're about to initialize a Firebase project in this directory:

  /Users/duynt/Gotadi/ChenmeiWeb

[info] 
=== Project Setup
[info] 
[info] First, let's associate this project directory with a Firebase project.
[info] You can create multiple project aliases by running firebase use --add, 
[info] but for now we'll just set up a default project.
[info] 
[debug] [2023-12-24T14:52:31.916Z] >>> [apiv2][query] GET https://firebase.googleapis.com/v1beta1/projects pageSize=100
[debug] [2023-12-24T14:52:32.716Z] <<< [apiv2][status] GET https://firebase.googleapis.com/v1beta1/projects 200
[debug] [2023-12-24T14:52:32.717Z] <<< [apiv2][body] GET https://firebase.googleapis.com/v1beta1/projects [omitted]
[info] i  Using project chenmeiproject (ChenMeiProject) 
[info] 
=== Hosting Setup
[debug] [2023-12-24T14:52:36.270Z] >>> [apiv2][query] GET https://firebase.googleapis.com/v1beta1/projects/chenmeiproject [none]
[debug] [2023-12-24T14:52:36.628Z] <<< [apiv2][status] GET https://firebase.googleapis.com/v1beta1/projects/chenmeiproject 200
[debug] [2023-12-24T14:52:36.630Z] <<< [apiv2][body] GET https://firebase.googleapis.com/v1beta1/projects/chenmeiproject {"projectId":"chenmeiproject","projectNumber":"126542126192","displayName":"ChenMeiProject","name":"projects/chenmeiproject","resources":{"hostingSite":"chenmeiproject"},"state":"ACTIVE","etag":"1_4e9f2ff0-00eb-4d33-a28b-ad56862b6f31"}
[info] 
[info] Your public directory is the folder (relative to your project directory) that
[info] will contain Hosting assets to be uploaded with firebase deploy. If you
[info] have a build process for your assets, use your build's output directory.
[info] 
[debug] [2023-12-24T14:53:08.294Z] >>> [apiv2][query] GET https://www.gstatic.com/firebasejs/releases.json [none]
[debug] [2023-12-24T14:53:08.551Z] <<< [apiv2][status] GET https://www.gstatic.com/firebasejs/releases.json 200
[debug] [2023-12-24T14:53:08.552Z] <<< [apiv2][body] GET https://www.gstatic.com/firebasejs/releases.json {"current":{"version":"10.7.1","browserURL":"https://www.gstatic.com/firebasejs/10.7.1/firebase.js","packageURL":"https://www.gstatic.com/firebasejs/10.7.1/firebase.tgz"},"live":{"version":"10.7","browserURL":"https://www.gstatic.com/firebasejs/live/10.7/firebase.js","packageURL":"https://www.gstatic.com/firebasejs/live/10.7/firebase.tgz"},"components":{"analytics":"https://www.gstatic.com/firebasejs/10.7.1/firebase-analytics.js","app":"https://www.gstatic.com/firebasejs/10.7.1/firebase-app.js","app-check":"https://www.gstatic.com/firebasejs/10.7.1/firebase-app-check.js","auth":"https://www.gstatic.com/firebasejs/10.7.1/firebase-auth.js","auth/cordova":"https://www.gstatic.com/firebasejs/10.7.1/firebase-auth/cordova.js","functions":"https://www.gstatic.com/firebasejs/10.7.1/firebase-functions.js","firestore":"https://www.gstatic.com/firebasejs/10.7.1/firebase-firestore.js","firestore/lite":"https://www.gstatic.com/firebasejs/10.7.1/firebase-firestore/lite.js","installations":"https://www.gstatic.com/firebasejs/10.7.1/firebase-installations.js","storage":"https://www.gstatic.com/firebasejs/10.7.1/firebase-storage.js","performance":"https://www.gstatic.com/firebasejs/10.7.1/firebase-performance.js","remote-config":"https://www.gstatic.com/firebasejs/10.7.1/firebase-remote-config.js","messaging":"https://www.gstatic.com/firebasejs/10.7.1/firebase-messaging.js","messaging/sw":"https://www.gstatic.com/firebasejs/10.7.1/firebase-messaging/sw.js","database":"https://www.gstatic.com/firebasejs/10.7.1/firebase-database.js","firestore.memory":"https://www.gstatic.com/firebasejs/10.7.1/firebase-firestore.memory.js"}}
[info] ✔  Wrote y/index.html 
[info] 
[info] i  Didn't detect a .git folder. Assuming /Users/duynt/Gotadi/ChenmeiWeb is the project root. 
[info] i  Authorizing with GitHub to upload your service account to a GitHub repository's secrets store. 
[info] 
[info] Visit this URL on this device to log in:
[info] https://github.com/login/oauth/authorize?client_id=89cf50f02ac6aaed3484&state=840896433&redirect_uri=http%3A%2F%2Flocalhost%3A9005&scope=read%3Auser%20repo%20public_repo
[info] 
[info] Waiting for authentication...
[debug] [2023-12-24T14:53:27.260Z] >>> [apiv2][query] POST https://github.com/login/oauth/access_token [none]
[debug] [2023-12-24T14:53:27.261Z] >>> [apiv2][body] POST https://github.com/login/oauth/access_token [stream]
[debug] [2023-12-24T14:53:27.741Z] <<< [apiv2][status] POST https://github.com/login/oauth/access_token 200
[debug] [2023-12-24T14:53:27.742Z] <<< [apiv2][body] POST https://github.com/login/oauth/access_token {"access_token":"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","token_type":"bearer","scope":"read:user,repo"}
[debug] [2023-12-24T14:53:27.763Z] >>> [apiv2][query] GET https://api.github.com/user [none]
[debug] [2023-12-24T14:53:28.283Z] <<< [apiv2][status] GET https://api.github.com/user 200
[debug] [2023-12-24T14:53:28.284Z] <<< [apiv2][body] GET https://api.github.com/user {"login":"thanhduy1812","id":3776299,"node_id":"MDQ6VXNlcjM3NzYyOTk=","avatar_url":"https://avatars.githubusercontent.com/u/3776299?v=4","gravatar_id":"","url":"https://api.github.com/users/thanhduy1812","html_url":"https://github.com/thanhduy1812","followers_url":"https://api.github.com/users/thanhduy1812/followers","following_url":"https://api.github.com/users/thanhduy1812/following{/other_user}","gists_url":"https://api.github.com/users/thanhduy1812/gists{/gist_id}","starred_url":"https://api.github.com/users/thanhduy1812/starred{/owner}{/repo}","subscriptions_url":"https://api.github.com/users/thanhduy1812/subscriptions","organizations_url":"https://api.github.com/users/thanhduy1812/orgs","repos_url":"https://api.github.com/users/thanhduy1812/repos","events_url":"https://api.github.com/users/thanhduy1812/events{/privacy}","received_events_url":"https://api.github.com/users/thanhduy1812/received_events","type":"User","site_admin":false,"name":null,"company":null,"blog":"","location":null,"email":null,"hireable":null,"bio":null,"twitter_username":null,"public_repos":7,"public_gists":0,"followers":0,"following":0,"created_at":"2013-03-05T13:20:54Z","updated_at":"2023-11-25T11:49:01Z","private_gists":0,"total_private_repos":2,"owned_private_repos":2,"disk_usage":297522,"collaborators":0,"two_factor_authentication":true,"plan":{"name":"free","space":976562499,"collaborators":0,"private_repos":10000}}
[info] 
[info] ✔  Success! Logged into GitHub as thanhduy1812 
[info] 
